This file contains any messages produced by compilers while
running configure, to aid debugging if configure makes a mistake.

It was created by libaritmetic configure 0.1, which was
generated by GNU Autoconf 2.69.  Invocation command line was

  $ ./configure 

## --------- ##
## Platform. ##
## --------- ##

hostname = hakan
uname -m = x86_64
uname -r = 5.3.0-62-generic
uname -s = Linux
uname -v = #56~18.04.1-Ubuntu SMP Wed Jun 24 16:17:03 UTC 2020

/usr/bin/uname -p = unknown
/bin/uname -X     = unknown

/bin/arch              = unknown
/usr/bin/arch -k       = unknown
/usr/convex/getsysinfo = unknown
/usr/bin/hostinfo      = unknown
/bin/machine           = unknown
/usr/bin/oslevel       = unknown
/bin/universe          = unknown

PATH: /home/hakan/perl5/bin
PATH: /home/hakan/.local/bin
PATH: /usr/local/sbin
PATH: /usr/local/bin
PATH: /usr/sbin
PATH: /usr/bin
PATH: /sbin
PATH: /bin
PATH: /usr/games
PATH: /usr/local/games
PATH: /snap/bin


## ----------- ##
## Core tests. ##
## ----------- ##

configure:2175: checking for a BSD-compatible install
configure:2243: result: /usr/bin/install -c
configure:2254: checking whether build environment is sane
configure:2309: result: yes
configure:2460: checking for a thread-safe mkdir -p
configure:2499: result: /bin/mkdir -p
configure:2506: checking for gawk
configure:2522: found /usr/bin/gawk
configure:2533: result: gawk
configure:2544: checking whether make sets $(MAKE)
configure:2566: result: yes
configure:2595: checking whether make supports nested variables
configure:2612: result: yes
configure:2787: checking for gcc
configure:2803: found /usr/bin/gcc
configure:2814: result: gcc
configure:3043: checking for C compiler version
configure:3052: gcc --version >&5
gcc (Ubuntu 7.5.0-3ubuntu1~18.04) 7.5.0
Copyright (C) 2017 Free Software Foundation, Inc.
This is free software; see the source for copying conditions.  There is NO
warranty; not even for MERCHANTABILITY or FITNESS FOR A PARTICULAR PURPOSE.

configure:3063: $? = 0
configure:3052: gcc -v >&5
Using built-in specs.
COLLECT_GCC=gcc
COLLECT_LTO_WRAPPER=/usr/lib/gcc/x86_64-linux-gnu/7/lto-wrapper
OFFLOAD_TARGET_NAMES=nvptx-none
OFFLOAD_TARGET_DEFAULT=1
Target: x86_64-linux-gnu
Configured with: ../src/configure -v --with-pkgversion='Ubuntu 7.5.0-3ubuntu1~18.04' --with-bugurl=file:///usr/share/doc/gcc-7/README.Bugs --enable-languages=c,ada,c++,go,brig,d,fortran,objc,obj-c++ --prefix=/usr --with-gcc-major-version-only --program-suffix=-7 --program-prefix=x86_64-linux-gnu- --enable-shared --enable-linker-build-id --libexecdir=/usr/lib --without-included-gettext --enable-threads=posix --libdir=/usr/lib --enable-nls --enable-bootstrap --enable-clocale=gnu --enable-libstdcxx-debug --enable-libstdcxx-time=yes --with-default-libstdcxx-abi=new --enable-gnu-unique-object --disable-vtable-verify --enable-libmpx --enable-plugin --enable-default-pie --with-system-zlib --with-target-system-zlib --enable-objc-gc=auto --enable-multiarch --disable-werror --with-arch-32=i686 --with-abi=m64 --with-multilib-list=m32,m64,mx32 --enable-multilib --with-tune=generic --enable-offload-targets=nvptx-none --without-cuda-driver --enable-checking=release --build=x86_64-linux-gnu --host=x86_64-linux-gnu --target=x86_64-linux-gnu
Thread model: posix
gcc version 7.5.0 (Ubuntu 7.5.0-3ubuntu1~18.04) 
configure:3063: $? = 0
configure:3052: gcc -V >&5
gcc: error: unrecognized command line option '-V'
gcc: fatal error: no input files
compilation terminated.
configure:3063: $? = 1
configure:3052: gcc -qversion >&5
gcc: error: unrecognized command line option '-qversion'; did you mean '--version'?
gcc: fatal error: no input files
compilation terminated.
configure:3063: $? = 1
configure:3083: checking whether the C compiler works
configure:3105: gcc    conftest.c  >&5
configure:3109: $? = 0
configure:3157: result: yes
configure:3160: checking for C compiler default output file name
configure:3162: result: a.out
configure:3168: checking for suffix of executables
configure:3175: gcc -o conftest    conftest.c  >&5
configure:3179: $? = 0
configure:3201: result: 
configure:3223: checking whether we are cross compiling
configure:3231: gcc -o conftest    conftest.c  >&5
configure:3235: $? = 0
configure:3242: ./conftest
configure:3246: $? = 0
configure:3261: result: no
configure:3266: checking for suffix of object files
configure:3288: gcc -c   conftest.c >&5
configure:3292: $? = 0
configure:3313: result: o
configure:3317: checking whether we are using the GNU C compiler
configure:3336: gcc -c   conftest.c >&5
configure:3336: $? = 0
configure:3345: result: yes
configure:3354: checking whether gcc accepts -g
configure:3374: gcc -c -g  conftest.c >&5
configure:3374: $? = 0
configure:3415: result: yes
configure:3432: checking for gcc option to accept ISO C89
configure:3495: gcc  -c -g -O2  conftest.c >&5
configure:3495: $? = 0
configure:3508: result: none needed
configure:3533: checking whether gcc understands -c and -o together
configure:3555: gcc -c conftest.c -o conftest2.o
configure:3558: $? = 0
configure:3555: gcc -c conftest.c -o conftest2.o
configure:3558: $? = 0
configure:3570: result: yes
configure:3598: checking for style of include used by make
configure:3626: result: GNU
configure:3652: checking dependency style of gcc
configure:3763: result: gcc3
configure:3807: checking build system type
configure:3821: result: x86_64-pc-linux-gnu
configure:3841: checking host system type
configure:3854: result: x86_64-pc-linux-gnu
configure:3895: checking how to print strings
configure:3922: result: printf
configure:3943: checking for a sed that does not truncate output
configure:4007: result: /bin/sed
configure:4025: checking for grep that handles long lines and -e
configure:4083: result: /bin/grep
configure:4088: checking for egrep
configure:4150: result: /bin/grep -E
configure:4155: checking for fgrep
configure:4217: result: /bin/grep -F
configure:4252: checking for ld used by gcc
configure:4319: result: /usr/bin/ld
configure:4326: checking if the linker (/usr/bin/ld) is GNU ld
configure:4341: result: yes
configure:4353: checking for BSD- or MS-compatible name lister (nm)
configure:4407: result: /usr/bin/nm -B
configure:4537: checking the name lister (/usr/bin/nm -B) interface
configure:4544: gcc -c -g -O2  conftest.c >&5
configure:4547: /usr/bin/nm -B "conftest.o"
configure:4550: output
0000000000000000 B some_variable
configure:4557: result: BSD nm
configure:4560: checking whether ln -s works
configure:4564: result: yes
configure:4572: checking the maximum length of command line arguments
configure:4703: result: 1572864
configure:4751: checking how to convert x86_64-pc-linux-gnu file names to x86_64-pc-linux-gnu format
configure:4791: result: func_convert_file_noop
configure:4798: checking how to convert x86_64-pc-linux-gnu file names to toolchain format
configure:4818: result: func_convert_file_noop
configure:4825: checking for /usr/bin/ld option to reload object files
configure:4832: result: -r
configure:4906: checking for objdump
configure:4922: found /usr/bin/objdump
configure:4933: result: objdump
configure:4965: checking how to recognize dependent libraries
configure:5165: result: pass_all
configure:5250: checking for dlltool
configure:5280: result: no
configure:5310: checking how to associate runtime and link libraries
configure:5337: result: printf %s\n
configure:5398: checking for ar
configure:5414: found /usr/bin/ar
configure:5425: result: ar
configure:5462: checking for archiver @FILE support
configure:5479: gcc -c -g -O2  conftest.c >&5
configure:5479: $? = 0
configure:5482: ar cru libconftest.a @conftest.lst >&5
ar: `u' modifier ignored since `D' is the default (see `U')
configure:5485: $? = 0
configure:5490: ar cru libconftest.a @conftest.lst >&5
ar: `u' modifier ignored since `D' is the default (see `U')
ar: conftest.o: No such file or directory
configure:5493: $? = 1
configure:5505: result: @
configure:5563: checking for strip
configure:5579: found /usr/bin/strip
configure:5590: result: strip
configure:5662: checking for ranlib
configure:5678: found /usr/bin/ranlib
configure:5689: result: ranlib
configure:5791: checking command to parse /usr/bin/nm -B output from gcc object
configure:5944: gcc -c -g -O2  conftest.c >&5
configure:5947: $? = 0
configure:5951: /usr/bin/nm -B conftest.o \| sed -n -e 's/^.*[ ]\([ABCDGIRSTW][ABCDGIRSTW]*\)[ ][ ]*\([_A-Za-z][_A-Za-z0-9]*\)$/\1 \2 \2/p' | sed '/ __gnu_lto/d' \> conftest.nm
configure:5954: $? = 0
configure:6020: gcc -o conftest -g -O2   conftest.c conftstm.o >&5
configure:6023: $? = 0
configure:6061: result: ok
configure:6108: checking for sysroot
configure:6138: result: no
configure:6145: checking for a working dd
configure:6183: result: /bin/dd
configure:6187: checking how to truncate binary pipes
configure:6202: result: /bin/dd bs=4096 count=1
configure:6338: gcc -c -g -O2  conftest.c >&5
configure:6341: $? = 0
configure:6531: checking for mt
configure:6547: found /bin/mt
configure:6558: result: mt
configure:6581: checking if mt is a manifest tool
configure:6587: mt '-?'
configure:6595: result: no
configure:7272: checking how to run the C preprocessor
configure:7303: gcc -E  conftest.c
configure:7303: $? = 0
configure:7317: gcc -E  conftest.c
conftest.c:11:10: fatal error: ac_nonexistent.h: No such file or directory
 #include <ac_nonexistent.h>
          ^~~~~~~~~~~~~~~~~~
compilation terminated.
configure:7317: $? = 1
configure: failed program was:
| /* confdefs.h */
| #define PACKAGE_NAME "libaritmetic"
| #define PACKAGE_TARNAME "libaritmetic"
| #define PACKAGE_VERSION "0.1"
| #define PACKAGE_STRING "libaritmetic 0.1"
| #define PACKAGE_BUGREPORT ""
| #define PACKAGE_URL ""
| #define PACKAGE "libaritmetic"
| #define VERSION "0.1"
| /* end confdefs.h.  */
| #include <ac_nonexistent.h>
configure:7342: result: gcc -E
configure:7362: gcc -E  conftest.c
configure:7362: $? = 0
configure:7376: gcc -E  conftest.c
conftest.c:11:10: fatal error: ac_nonexistent.h: No such file or directory
 #include <ac_nonexistent.h>
          ^~~~~~~~~~~~~~~~~~
compilation terminated.
configure:7376: $? = 1
configure: failed program was:
| /* confdefs.h */
| #define PACKAGE_NAME "libaritmetic"
| #define PACKAGE_TARNAME "libaritmetic"
| #define PACKAGE_VERSION "0.1"
| #define PACKAGE_STRING "libaritmetic 0.1"
| #define PACKAGE_BUGREPORT ""
| #define PACKAGE_URL ""
| #define PACKAGE "libaritmetic"
| #define VERSION "0.1"
| /* end confdefs.h.  */
| #include <ac_nonexistent.h>
configure:7405: checking for ANSI C header files
configure:7425: gcc -c -g -O2  conftest.c >&5
configure:7425: $? = 0
configure:7498: gcc -o conftest -g -O2   conftest.c  >&5
configure:7498: $? = 0
configure:7498: ./conftest
configure:7498: $? = 0
configure:7509: result: yes
configure:7522: checking for sys/types.h
configure:7522: gcc -c -g -O2  conftest.c >&5
configure:7522: $? = 0
configure:7522: result: yes
configure:7522: checking for sys/stat.h
configure:7522: gcc -c -g -O2  conftest.c >&5
configure:7522: $? = 0
configure:7522: result: yes
configure:7522: checking for stdlib.h
configure:7522: gcc -c -g -O2  conftest.c >&5
configure:7522: $? = 0
configure:7522: result: yes
configure:7522: checking for string.h
configure:7522: gcc -c -g -O2  conftest.c >&5
configure:7522: $? = 0
configure:7522: result: yes
configure:7522: checking for memory.h
configure:7522: gcc -c -g -O2  conftest.c >&5
configure:7522: $? = 0
configure:7522: result: yes
configure:7522: checking for strings.h
configure:7522: gcc -c -g -O2  conftest.c >&5
configure:7522: $? = 0
configure:7522: result: yes
configure:7522: checking for inttypes.h
configure:7522: gcc -c -g -O2  conftest.c >&5
configure:7522: $? = 0
configure:7522: result: yes
configure:7522: checking for stdint.h
configure:7522: gcc -c -g -O2  conftest.c >&5
configure:7522: $? = 0
configure:7522: result: yes
configure:7522: checking for unistd.h
configure:7522: gcc -c -g -O2  conftest.c >&5
configure:7522: $? = 0
configure:7522: result: yes
configure:7536: checking for dlfcn.h
configure:7536: gcc -c -g -O2  conftest.c >&5
configure:7536: $? = 0
configure:7536: result: yes
configure:7792: checking for objdir
configure:7807: result: .libs
configure:8071: checking if gcc supports -fno-rtti -fno-exceptions
configure:8089: gcc -c -g -O2  -fno-rtti -fno-exceptions conftest.c >&5
cc1: warning: command line option '-fno-rtti' is valid for C++/ObjC++ but not for C
configure:8093: $? = 0
configure:8106: result: no
configure:8464: checking for gcc option to produce PIC
configure:8471: result: -fPIC -DPIC
configure:8479: checking if gcc PIC flag -fPIC -DPIC works
configure:8497: gcc -c -g -O2  -fPIC -DPIC -DPIC conftest.c >&5
configure:8501: $? = 0
configure:8514: result: yes
configure:8543: checking if gcc static flag -static works
configure:8571: result: yes
configure:8586: checking if gcc supports -c -o file.o
configure:8607: gcc -c -g -O2  -o out/conftest2.o conftest.c >&5
configure:8611: $? = 0
configure:8633: result: yes
configure:8641: checking if gcc supports -c -o file.o
configure:8688: result: yes
configure:8721: checking whether the gcc linker (/usr/bin/ld -m elf_x86_64) supports shared libraries
configure:9984: result: yes
configure:10021: checking whether -lc should be explicitly linked in
configure:10029: gcc -c -g -O2  conftest.c >&5
configure:10032: $? = 0
configure:10047: gcc -shared  -fPIC -DPIC conftest.o  -v -Wl,-soname -Wl,conftest -o conftest 2\>\&1 \| /bin/grep  -lc  \>/dev/null 2\>\&1
configure:10050: $? = 0
configure:10064: result: no
configure:10224: checking dynamic linker characteristics
configure:10805: gcc -o conftest -g -O2   -Wl,-rpath -Wl,/foo conftest.c  >&5
configure:10805: $? = 0
configure:11054: result: GNU/Linux ld.so
configure:11176: checking how to hardcode library paths into programs
configure:11201: result: immediate
configure:11749: checking whether stripping libraries is possible
configure:11754: result: yes
configure:11789: checking if libtool supports shared libraries
configure:11791: result: yes
configure:11794: checking whether to build shared libraries
configure:11819: result: yes
configure:11822: checking whether to build static libraries
configure:11826: result: yes
configure:12010: checking that generated files are newer than configure
configure:12016: result: done
configure:12039: creating ./config.status

## ---------------------- ##
## Running config.status. ##
## ---------------------- ##

This file was extended by libaritmetic config.status 0.1, which was
generated by GNU Autoconf 2.69.  Invocation command line was

  CONFIG_FILES    = 
  CONFIG_HEADERS  = 
  CONFIG_LINKS    = 
  CONFIG_COMMANDS = 
  $ ./config.status 

on hakan

config.status:1007: creating Makefile
config.status:1179: executing depfiles commands
config.status:1179: executing libtool commands

## ---------------- ##
## Cache variables. ##
## ---------------- ##

ac_cv_build=x86_64-pc-linux-gnu
ac_cv_c_compiler_gnu=yes
ac_cv_env_CC_set=
ac_cv_env_CC_value=
ac_cv_env_CFLAGS_set=
ac_cv_env_CFLAGS_value=
ac_cv_env_CPPFLAGS_set=
ac_cv_env_CPPFLAGS_value=
ac_cv_env_CPP_set=
ac_cv_env_CPP_value=
ac_cv_env_LDFLAGS_set=
ac_cv_env_LDFLAGS_value=
ac_cv_env_LIBS_set=
ac_cv_env_LIBS_value=
ac_cv_env_LT_SYS_LIBRARY_PATH_set=
ac_cv_env_LT_SYS_LIBRARY_PATH_value=
ac_cv_env_build_alias_set=
ac_cv_env_build_alias_value=
ac_cv_env_host_alias_set=
ac_cv_env_host_alias_value=
ac_cv_env_target_alias_set=
ac_cv_env_target_alias_value=
ac_cv_header_dlfcn_h=yes
ac_cv_header_inttypes_h=yes
ac_cv_header_memory_h=yes
ac_cv_header_stdc=yes
ac_cv_header_stdint_h=yes
ac_cv_header_stdlib_h=yes
ac_cv_header_string_h=yes
ac_cv_header_strings_h=yes
ac_cv_header_sys_stat_h=yes
ac_cv_header_sys_types_h=yes
ac_cv_header_unistd_h=yes
ac_cv_host=x86_64-pc-linux-gnu
ac_cv_objext=o
ac_cv_path_EGREP='/bin/grep -E'
ac_cv_path_FGREP='/bin/grep -F'
ac_cv_path_GREP=/bin/grep
ac_cv_path_SED=/bin/sed
ac_cv_path_install='/usr/bin/install -c'
ac_cv_path_lt_DD=/bin/dd
ac_cv_path_mkdir=/bin/mkdir
ac_cv_prog_AWK=gawk
ac_cv_prog_CPP='gcc -E'
ac_cv_prog_ac_ct_AR=ar
ac_cv_prog_ac_ct_CC=gcc
ac_cv_prog_ac_ct_MANIFEST_TOOL=mt
ac_cv_prog_ac_ct_OBJDUMP=objdump
ac_cv_prog_ac_ct_RANLIB=ranlib
ac_cv_prog_ac_ct_STRIP=strip
ac_cv_prog_cc_c89=
ac_cv_prog_cc_g=yes
ac_cv_prog_make_make_set=yes
am_cv_CC_dependencies_compiler_type=gcc3
am_cv_make_support_nested_variables=yes
am_cv_prog_cc_c_o=yes
lt_cv_ar_at_file=@
lt_cv_archive_cmds_need_lc=no
lt_cv_deplibs_check_method=pass_all
lt_cv_file_magic_cmd='$MAGIC_CMD'
lt_cv_file_magic_test_file=
lt_cv_ld_reload_flag=-r
lt_cv_nm_interface='BSD nm'
lt_cv_objdir=.libs
lt_cv_path_LD=/usr/bin/ld
lt_cv_path_NM='/usr/bin/nm -B'
lt_cv_path_mainfest_tool=no
lt_cv_prog_compiler_c_o=yes
lt_cv_prog_compiler_pic='-fPIC -DPIC'
lt_cv_prog_compiler_pic_works=yes
lt_cv_prog_compiler_rtti_exceptions=no
lt_cv_prog_compiler_static_works=yes
lt_cv_prog_gnu_ld=yes
lt_cv_sharedlib_from_linklib_cmd='printf %s\n'
lt_cv_shlibpath_overrides_runpath=yes
lt_cv_sys_global_symbol_pipe='sed -n -e '\''s/^.*[	 ]\([ABCDGIRSTW][ABCDGIRSTW]*\)[	 ][	 ]*\([_A-Za-z][_A-Za-z0-9]*\)$/\1 \2 \2/p'\'' | sed '\''/ __gnu_lto/d'\'''
lt_cv_sys_global_symbol_to_c_name_address='sed -n -e '\''s/^: \(.*\) .*$/  {"\1", (void *) 0},/p'\'' -e '\''s/^[ABCDGIRSTW][ABCDGIRSTW]* .* \(.*\)$/  {"\1", (void *) \&\1},/p'\'''
lt_cv_sys_global_symbol_to_c_name_address_lib_prefix='sed -n -e '\''s/^: \(.*\) .*$/  {"\1", (void *) 0},/p'\'' -e '\''s/^[ABCDGIRSTW][ABCDGIRSTW]* .* \(lib.*\)$/  {"\1", (void *) \&\1},/p'\'' -e '\''s/^[ABCDGIRSTW][ABCDGIRSTW]* .* \(.*\)$/  {"lib\1", (void *) \&\1},/p'\'''
lt_cv_sys_global_symbol_to_cdecl='sed -n -e '\''s/^T .* \(.*\)$/extern int \1();/p'\'' -e '\''s/^[ABCDGIRSTW][ABCDGIRSTW]* .* \(.*\)$/extern char \1;/p'\'''
lt_cv_sys_global_symbol_to_import=
lt_cv_sys_max_cmd_len=1572864
lt_cv_to_host_file_cmd=func_convert_file_noop
lt_cv_to_tool_file_cmd=func_convert_file_noop
lt_cv_truncate_bin='/bin/dd bs=4096 count=1'

## ----------------- ##
## Output variables. ##
## ----------------- ##

ACLOCAL='${SHELL} /home/hakan/Desktop/automake_example/project/missing aclocal-1.15'
AMDEPBACKSLASH='\'
AMDEP_FALSE='#'
AMDEP_TRUE=''
AMTAR='$${TAR-tar}'
AM_BACKSLASH='\'
AM_DEFAULT_V='$(AM_DEFAULT_VERBOSITY)'
AM_DEFAULT_VERBOSITY='1'
AM_V='$(V)'
AR='ar'
AUTOCONF='${SHELL} /home/hakan/Desktop/automake_example/project/missing autoconf'
AUTOHEADER='${SHELL} /home/hakan/Desktop/automake_example/project/missing autoheader'
AUTOMAKE='${SHELL} /home/hakan/Desktop/automake_example/project/missing automake-1.15'
AWK='gawk'
CC='gcc'
CCDEPMODE='depmode=gcc3'
CFLAGS='-g -O2'
CPP='gcc -E'
CPPFLAGS=''
CYGPATH_W='echo'
DEFS='-DPACKAGE_NAME=\"libaritmetic\" -DPACKAGE_TARNAME=\"libaritmetic\" -DPACKAGE_VERSION=\"0.1\" -DPACKAGE_STRING=\"libaritmetic\ 0.1\" -DPACKAGE_BUGREPORT=\"\" -DPACKAGE_URL=\"\" -DPACKAGE=\"libaritmetic\" -DVERSION=\"0.1\" -DSTDC_HEADERS=1 -DHAVE_SYS_TYPES_H=1 -DHAVE_SYS_STAT_H=1 -DHAVE_STDLIB_H=1 -DHAVE_STRING_H=1 -DHAVE_MEMORY_H=1 -DHAVE_STRINGS_H=1 -DHAVE_INTTYPES_H=1 -DHAVE_STDINT_H=1 -DHAVE_UNISTD_H=1 -DHAVE_DLFCN_H=1 -DLT_OBJDIR=\".libs/\"'
DEPDIR='.deps'
DLLTOOL='false'
DSYMUTIL=''
DUMPBIN=''
ECHO_C=''
ECHO_N='-n'
ECHO_T=''
EGREP='/bin/grep -E'
EXEEXT=''
FGREP='/bin/grep -F'
GREP='/bin/grep'
INSTALL_DATA='${INSTALL} -m 644'
INSTALL_PROGRAM='${INSTALL}'
INSTALL_SCRIPT='${INSTALL}'
INSTALL_STRIP_PROGRAM='$(install_sh) -c -s'
LD='/usr/bin/ld -m elf_x86_64'
LDFLAGS=''
LIBOBJS=''
LIBS=''
LIBTOOL='$(SHELL) $(top_builddir)/libtool'
LIPO=''
LN_S='ln -s'
LTLIBOBJS=''
LT_SYS_LIBRARY_PATH=''
MAKEINFO='${SHELL} /home/hakan/Desktop/automake_example/project/missing makeinfo'
MANIFEST_TOOL=':'
MKDIR_P='/bin/mkdir -p'
NM='/usr/bin/nm -B'
NMEDIT=''
OBJDUMP='objdump'
OBJEXT='o'
OTOOL64=''
OTOOL=''
PACKAGE='libaritmetic'
PACKAGE_BUGREPORT=''
PACKAGE_NAME='libaritmetic'
PACKAGE_STRING='libaritmetic 0.1'
PACKAGE_TARNAME='libaritmetic'
PACKAGE_URL=''
PACKAGE_VERSION='0.1'
PATH_SEPARATOR=':'
RANLIB='ranlib'
SED='/bin/sed'
SET_MAKE=''
SHELL='/bin/bash'
STRIP='strip'
VERSION='0.1'
ac_ct_AR='ar'
ac_ct_CC='gcc'
ac_ct_DUMPBIN=''
am__EXEEXT_FALSE=''
am__EXEEXT_TRUE='#'
am__fastdepCC_FALSE='#'
am__fastdepCC_TRUE=''
am__include='include'
am__isrc=''
am__leading_dot='.'
am__nodep='_no'
am__quote=''
am__tar='$${TAR-tar} chof - "$$tardir"'
am__untar='$${TAR-tar} xf -'
bindir='${exec_prefix}/bin'
build='x86_64-pc-linux-gnu'
build_alias=''
build_cpu='x86_64'
build_os='linux-gnu'
build_vendor='pc'
datadir='${datarootdir}'
datarootdir='${prefix}/share'
docdir='${datarootdir}/doc/${PACKAGE_TARNAME}'
dvidir='${docdir}'
exec_prefix='${prefix}'
host='x86_64-pc-linux-gnu'
host_alias=''
host_cpu='x86_64'
host_os='linux-gnu'
host_vendor='pc'
htmldir='${docdir}'
includedir='${prefix}/include'
infodir='${datarootdir}/info'
install_sh='${SHELL} /home/hakan/Desktop/automake_example/project/install-sh'
libdir='${exec_prefix}/lib'
libexecdir='${exec_prefix}/libexec'
localedir='${datarootdir}/locale'
localstatedir='${prefix}/var'
mandir='${datarootdir}/man'
mkdir_p='$(MKDIR_P)'
oldincludedir='/usr/include'
pdfdir='${docdir}'
prefix='/usr/local'
program_transform_name='s,x,x,'
psdir='${docdir}'
runstatedir='${localstatedir}/run'
sbindir='${exec_prefix}/sbin'
sharedstatedir='${prefix}/com'
sysconfdir='${prefix}/etc'
target_alias=''

## ----------- ##
## confdefs.h. ##
## ----------- ##

/* confdefs.h */
#define PACKAGE_NAME "libaritmetic"
#define PACKAGE_TARNAME "libaritmetic"
#define PACKAGE_VERSION "0.1"
#define PACKAGE_STRING "libaritmetic 0.1"
#define PACKAGE_BUGREPORT ""
#define PACKAGE_URL ""
#define PACKAGE "libaritmetic"
#define VERSION "0.1"
#define STDC_HEADERS 1
#define HAVE_SYS_TYPES_H 1
#define HAVE_SYS_STAT_H 1
#define HAVE_STDLIB_H 1
#define HAVE_STRING_H 1
#define HAVE_MEMORY_H 1
#define HAVE_STRINGS_H 1
#define HAVE_INTTYPES_H 1
#define HAVE_STDINT_H 1
#define HAVE_UNISTD_H 1
#define HAVE_DLFCN_H 1
#define LT_OBJDIR ".libs/"

configure: exit 0
